[2020-02-29 11:24:54] local.ERROR: SQLSTATE[23000]: Integrity constraint violation: 1048 Column 'fleet_no' cannot be null (SQL: insert into `EquipmentMasterList` (`fleet_no`, `parent_fleet_no`, `fleet-no_description`, `Registration_no`, `hourmeter_reading`, `attachment`, `type_code`, `type_description`, `make`, `model`, `machine_serial_no`, `machine_arr_n`, `engine_make`, `engine_model`, `engine_serial_no`, `engine_arr_n`, `power_rating_hp_kw`, `capacity`, `assesment`, `condition`, `region`, `project_code`, `project_description`, `users`, `ownership`, `year_purchase`, `mfg_year`, `comm_date`, `invoice`, `order_no`, `date_in`, `purchase_condition`, `landed_cost`, `market_value`, `location`, `updated_at`, `created_at`) values (?, ?, ?, ?, ?, ?, ?, ?, ?, ?, ?, ?, ?, ?, ?, ?, ?, ?, ?, ?, ?, ?, ?, ?, ?, ?, ?, 1970-01-01 00:00:00, ?, ?, 1970-01-01 00:00:00, ?, ?, ?, ?, 2020-02-29 11:24:54, 2020-02-29 11:24:54)) {"userId":1,"exception":"[object] (Illuminate\\Database\\QueryException(code: 23000): SQLSTATE[23000]: Integrity constraint violation: 1048 Column 'fleet_no' cannot be null (SQL: insert into `EquipmentMasterList` (`fleet_no`, `parent_fleet_no`, `fleet-no_description`, `Registration_no`, `hourmeter_reading`, `attachment`, `type_code`, `type_description`, `make`, `model`, `machine_serial_no`, `machine_arr_n`, `engine_make`, `engine_model`, `engine_serial_no`, `engine_arr_n`, `power_rating_hp_kw`, `capacity`, `assesment`, `condition`, `region`, `project_code`, `project_description`, `users`, `ownership`, `year_purchase`, `mfg_year`, `comm_date`, `invoice`, `order_no`, `date_in`, `purchase_condition`, `landed_cost`, `market_value`, `location`, `updated_at`, `created_at`) values (?, ?, ?, ?, ?, ?, ?, ?, ?, ?, ?, ?, ?, ?, ?, ?, ?, ?, ?, ?, ?, ?, ?, ?, ?, ?, ?, 1970-01-01 00:00:00, ?, ?, 1970-01-01 00:00:00, ?, ?, ?, ?, 2020-02-29 11:24:54, 2020-02-29 11:24:54)) at C:\\wamp64\\www\\Craneburg_Plant_Pro_System\\vendor\\laravel\\framework\\src\\Illuminate\\Database\\Connection.php:664, PDOException(code: 23000): SQLSTATE[23000]: Integrity constraint violation: 1048 Column 'fleet_no' cannot be null at C:\\wamp64\\www\\Craneburg_Plant_Pro_System\\vendor\\laravel\\framework\\src\\Illuminate\\Database\\Connection.php:458)
[stacktrace]
#0 C:\\wamp64\\www\\Craneburg_Plant_Pro_System\\vendor\\laravel\\framework\\src\\Illuminate\\Database\\Connection.php(624): Illuminate\\Database\\Connection->runQueryCallback('insert into `Eq...', Array, Object(Closure))
#1 C:\\wamp64\\www\\Craneburg_Plant_Pro_System\\vendor\\laravel\\framework\\src\\Illuminate\\Database\\Connection.php(459): Illuminate\\Database\\Connection->run('insert into `Eq...', Array, Object(Closure))
#2 C:\\wamp64\\www\\Craneburg_Plant_Pro_System\\vendor\\laravel\\framework\\src\\Illuminate\\Database\\Connection.php(411): Illuminate\\Database\\Connection->statement('insert into `Eq...', Array)
#3 C:\\wamp64\\www\\Craneburg_Plant_Pro_System\\vendor\\laravel\\framework\\src\\Illuminate\\Database\\Query\\Processors\\Processor.php(32): Illuminate\\Database\\Connection->insert('insert into `Eq...', Array)
#4 C:\\wamp64\\www\\Craneburg_Plant_Pro_System\\vendor\\laravel\\framework\\src\\Illuminate\\Database\\Query\\Builder.php(2690): Illuminate\\Database\\Query\\Processors\\Processor->processInsertGetId(Object(Illuminate\\Database\\Query\\Builder), 'insert into `Eq...', Array, 'id')
#5 C:\\wamp64\\www\\Craneburg_Plant_Pro_System\\vendor\\laravel\\framework\\src\\Illuminate\\Database\\Eloquent\\Builder.php(1353): Illuminate\\Database\\Query\\Builder->insertGetId(Array, 'id')
#6 C:\\wamp64\\www\\Craneburg_Plant_Pro_System\\vendor\\laravel\\framework\\src\\Illuminate\\Database\\Eloquent\\Model.php(839): Illuminate\\Database\\Eloquent\\Builder->__call('insertGetId', Array)
#7 C:\\wamp64\\www\\Craneburg_Plant_Pro_System\\vendor\\laravel\\framework\\src\\Illuminate\\Database\\Eloquent\\Model.php(804): Illuminate\\Database\\Eloquent\\Model->insertAndSetId(Object(Illuminate\\Database\\Eloquent\\Builder), Array)
#8 C:\\wamp64\\www\\Craneburg_Plant_Pro_System\\vendor\\laravel\\framework\\src\\Illuminate\\Database\\Eloquent\\Model.php(667): Illuminate\\Database\\Eloquent\\Model->performInsert(Object(Illuminate\\Database\\Eloquent\\Builder))
#9 C:\\wamp64\\www\\Craneburg_Plant_Pro_System\\vendor\\laravel\\framework\\src\\Illuminate\\Database\\Eloquent\\Model.php(696): Illuminate\\Database\\Eloquent\\Model->save(Array)
#10 C:\\wamp64\\www\\Craneburg_Plant_Pro_System\\vendor\\laravel\\framework\\src\\Illuminate\\Database\\Concerns\\ManagesTransactions.php(29): Illuminate\\Database\\Eloquent\\Model->Illuminate\\Database\\Eloquent\\{closure}(Object(Illuminate\\Database\\MySqlConnection))
#11 C:\\wamp64\\www\\Craneburg_Plant_Pro_System\\vendor\\laravel\\framework\\src\\Illuminate\\Database\\Eloquent\\Model.php(697): Illuminate\\Database\\Connection->transaction(Object(Closure))
#12 C:\\wamp64\\www\\Craneburg_Plant_Pro_System\\vendor\\maatwebsite\\excel\\src\\Imports\\ModelManager.php(118): Illuminate\\Database\\Eloquent\\Model->saveOrFail()
#13 C:\\wamp64\\www\\Craneburg_Plant_Pro_System\\vendor\\laravel\\framework\\src\\Illuminate\\Support\\Collection.php(475): Maatwebsite\\Excel\\Imports\\ModelManager->Maatwebsite\\Excel\\Imports\\{closure}(Object(App\\EquipmentMasterList), 0)
#14 C:\\wamp64\\www\\Craneburg_Plant_Pro_System\\vendor\\maatwebsite\\excel\\src\\Imports\\ModelManager.php(126): Illuminate\\Support\\Collection->each(Object(Closure))
#15 C:\\wamp64\\www\\Craneburg_Plant_Pro_System\\vendor\\laravel\\framework\\src\\Illuminate\\Support\\Collection.php(475): Maatwebsite\\Excel\\Imports\\ModelManager->Maatwebsite\\Excel\\Imports\\{closure}(Array, 818)
#16 C:\\wamp64\\www\\Craneburg_Plant_Pro_System\\vendor\\maatwebsite\\excel\\src\\Imports\\ModelManager.php(127): Illuminate\\Support\\Collection->each(Object(Closure))
#17 C:\\wamp64\\www\\Craneburg_Plant_Pro_System\\vendor\\maatwebsite\\excel\\src\\Imports\\ModelManager.php(59): Maatwebsite\\Excel\\Imports\\ModelManager->singleFlush(Object(App\\Imports\\EquipmentMasterListImport))
#18 C:\\wamp64\\www\\Craneburg_Plant_Pro_System\\vendor\\maatwebsite\\excel\\src\\Imports\\ModelImporter.php(57): Maatwebsite\\Excel\\Imports\\ModelManager->flush(Object(App\\Imports\\EquipmentMasterListImport), false)
#19 C:\\wamp64\\www\\Craneburg_Plant_Pro_System\\vendor\\maatwebsite\\excel\\src\\Sheet.php(237): Maatwebsite\\Excel\\Imports\\ModelImporter->import(Object(PhpOffice\\PhpSpreadsheet\\Worksheet\\Worksheet), Object(App\\Imports\\EquipmentMasterListImport), 4)
#20 C:\\wamp64\\www\\Craneburg_Plant_Pro_System\\vendor\\maatwebsite\\excel\\src\\Reader.php(111): Maatwebsite\\Excel\\Sheet->import(Object(App\\Imports\\EquipmentMasterListImport), 4)
#21 C:\\wamp64\\www\\Craneburg_Plant_Pro_System\\vendor\\laravel\\framework\\src\\Illuminate\\Database\\Concerns\\ManagesTransactions.php(29): Maatwebsite\\Excel\\Reader->Maatwebsite\\Excel\\{closure}(Object(Illuminate\\Database\\MySqlConnection))
#22 C:\\wamp64\\www\\Craneburg_Plant_Pro_System\\vendor\\maatwebsite\\excel\\src\\Transactions\\DbTransactionHandler.php(30): Illuminate\\Database\\Connection->transaction(Object(Closure))
#23 C:\\wamp64\\www\\Craneburg_Plant_Pro_System\\vendor\\maatwebsite\\excel\\src\\Reader.php(115): Maatwebsite\\Excel\\Transactions\\DbTransactionHandler->__invoke(Object(Closure))
#24 C:\\wamp64\\www\\Craneburg_Plant_Pro_System\\vendor\\maatwebsite\\excel\\src\\Excel.php(146): Maatwebsite\\Excel\\Reader->read(Object(App\\Imports\\EquipmentMasterListImport), Object(Illuminate\\Http\\UploadedFile), 'Xlsx', NULL)
#25 C:\\wamp64\\www\\Craneburg_Plant_Pro_System\\vendor\\laravel\\framework\\src\\Illuminate\\Support\\Facades\\Facade.php(239): Maatwebsite\\Excel\\Excel->import(Object(App\\Imports\\EquipmentMasterListImport), Object(Illuminate\\Http\\UploadedFile))
#26 C:\\wamp64\\www\\Craneburg_Plant_Pro_System\\app\\Http\\Controllers\\JobCardController.php(201): Illuminate\\Support\\Facades\\Facade::__callStatic('import', Array)
#27 [internal function]: App\\Http\\Controllers\\JobCardController->uploadEquipmentMasterList(Object(Illuminate\\Http\\Request))
#28 C:\\wamp64\\www\\Craneburg_Plant_Pro_System\\vendor\\laravel\\framework\\src\\Illuminate\\Routing\\Controller.php(54): call_user_func_array(Array, Array)
#29 C:\\wamp64\\www\\Craneburg_Plant_Pro_System\\vendor\\laravel\\framework\\src\\Illuminate\\Routing\\ControllerDispatcher.php(45): Illuminate\\Routing\\Controller->callAction('uploadEquipment...', Array)
#30 C:\\wamp64\\www\\Craneburg_Plant_Pro_System\\vendor\\laravel\\framework\\src\\Illuminate\\Routing\\Route.php(219): Illuminate\\Routing\\ControllerDispatcher->dispatch(Object(Illuminate\\Routing\\Route), Object(App\\Http\\Controllers\\JobCardController), 'uploadEquipment...')
#31 C:\\wamp64\\www\\Craneburg_Plant_Pro_System\\vendor\\laravel\\framework\\src\\Illuminate\\Routing\\Route.php(176): Illuminate\\Routing\\Route->runController()
#32 C:\\wamp64\\www\\Craneburg_Plant_Pro_System\\vendor\\laravel\\framework\\src\\Illuminate\\Routing\\Router.php(680): Illuminate\\Routing\\Route->run()
#33 C:\\wamp64\\www\\Craneburg_Plant_Pro_System\\vendor\\laravel\\framework\\src\\Illuminate\\Routing\\Pipeline.php(30): Illuminate\\Routing\\Router->Illuminate\\Routing\\{closure}(Object(Illuminate\\Http\\Request))
#34 C:\\wamp64\\www\\Craneburg_Plant_Pro_System\\vendor\\laravel\\framework\\src\\Illuminate\\Routing\\Middleware\\SubstituteBindings.php(41): Illuminate\\Routing\\Pipeline->Illuminate\\Routing\\{closure}(Object(Illuminate\\Http\\Request))
#35 C:\\wamp64\\www\\Craneburg_Plant_Pro_System\\vendor\\laravel\\framework\\src\\Illuminate\\Pipeline\\Pipeline.php(163): Illuminate\\Routing\\Middleware\\SubstituteBindings->handle(Object(Illuminate\\Http\\Request), Object(Closure))
#36 C:\\wamp64\\www\\Craneburg_Plant_Pro_System\\vendor\\laravel\\framework\\src\\Illuminate\\Routing\\Pipeline.php(53): Illuminate\\Pipeline\\Pipeline->Illuminate\\Pipeline\\{closure}(Object(Illuminate\\Http\\Request))
#37 C:\\wamp64\\www\\Craneburg_Plant_Pro_System\\vendor\\laravel\\framework\\src\\Illuminate\\Auth\\Middleware\\Authenticate.php(43): Illuminate\\Routing\\Pipeline->Illuminate\\Routing\\{closure}(Object(Illuminate\\Http\\Request))
#38 C:\\wamp64\\www\\Craneburg_Plant_Pro_System\\vendor\\laravel\\framework\\src\\Illuminate\\Pipeline\\Pipeline.php(163): Illuminate\\Auth\\Middleware\\Authenticate->handle(Object(Illuminate\\Http\\Request), Object(Closure))
#39 C:\\wamp64\\www\\Craneburg_Plant_Pro_System\\vendor\\laravel\\framework\\src\\Illuminate\\Routing\\Pipeline.php(53): Illuminate\\Pipeline\\Pipeline->Illuminate\\Pipeline\\{closure}(Object(Illuminate\\Http\\Request))
#40 C:\\wamp64\\www\\Craneburg_Plant_Pro_System\\vendor\\laravel\\framework\\src\\Illuminate\\Foundation\\Http\\Middleware\\VerifyCsrfToken.php(75): Illuminate\\Routing\\Pipeline->Illuminate\\Routing\\{closure}(Object(Illuminate\\Http\\Request))
#41 C:\\wamp64\\www\\Craneburg_Plant_Pro_System\\vendor\\laravel\\framework\\src\\Illuminate\\Pipeline\\Pipeline.php(163): Illuminate\\Foundation\\Http\\Middleware\\VerifyCsrfToken->handle(Object(Illuminate\\Http\\Request), Object(Closure))
#42 C:\\wamp64\\www\\Craneburg_Plant_Pro_System\\vendor\\laravel\\framework\\src\\Illuminate\\Routing\\Pipeline.php(53): Illuminate\\Pipeline\\Pipeline->Illuminate\\Pipeline\\{closure}(Object(Illuminate\\Http\\Request))
#43 C:\\wamp64\\www\\Craneburg_Plant_Pro_System\\vendor\\laravel\\framework\\src\\Illuminate\\View\\Middleware\\ShareErrorsFromSession.php(49): Illuminate\\Routing\\Pipeline->Illuminate\\Routing\\{closure}(Object(Illuminate\\Http\\Request))
#44 C:\\wamp64\\www\\Craneburg_Plant_Pro_System\\vendor\\laravel\\framework\\src\\Illuminate\\Pipeline\\Pipeline.php(163): Illuminate\\View\\Middleware\\ShareErrorsFromSession->handle(Object(Illuminate\\Http\\Request), Object(Closure))
#45 C:\\wamp64\\www\\Craneburg_Plant_Pro_System\\vendor\\laravel\\framework\\src\\Illuminate\\Routing\\Pipeline.php(53): Illuminate\\Pipeline\\Pipeline->Illuminate\\Pipeline\\{closure}(Object(Illuminate\\Http\\Request))
#46 C:\\wamp64\\www\\Craneburg_Plant_Pro_System\\vendor\\laravel\\framework\\src\\Illuminate\\Session\\Middleware\\StartSession.php(56): Illuminate\\Routing\\Pipeline->Illuminate\\Routing\\{closure}(Object(Illuminate\\Http\\Request))
#47 C:\\wamp64\\www\\Craneburg_Plant_Pro_System\\vendor\\laravel\\framework\\src\\Illuminate\\Pipeline\\Pipeline.php(163): Illuminate\\Session\\Middleware\\StartSession->handle(Object(Illuminate\\Http\\Request), Object(Closure))
#48 C:\\wamp64\\www\\Craneburg_Plant_Pro_System\\vendor\\laravel\\framework\\src\\Illuminate\\Routing\\Pipeline.php(53): Illuminate\\Pipeline\\Pipeline->Illuminate\\Pipeline\\{closure}(Object(Illuminate\\Http\\Request))
#49 C:\\wamp64\\www\\Craneburg_Plant_Pro_System\\vendor\\laravel\\framework\\src\\Illuminate\\Cookie\\Middleware\\AddQueuedCookiesToResponse.php(37): Illuminate\\Routing\\Pipeline->Illuminate\\Routing\\{closure}(Object(Illuminate\\Http\\Request))
#50 C:\\wamp64\\www\\Craneburg_Plant_Pro_System\\vendor\\laravel\\framework\\src\\Illuminate\\Pipeline\\Pipeline.php(163): Illuminate\\Cookie\\Middleware\\AddQueuedCookiesToResponse->handle(Object(Illuminate\\Http\\Request), Object(Closure))
#51 C:\\wamp64\\www\\Craneburg_Plant_Pro_System\\vendor\\laravel\\framework\\src\\Illuminate\\Routing\\Pipeline.php(53): Illuminate\\Pipeline\\Pipeline->Illuminate\\Pipeline\\{closure}(Object(Illuminate\\Http\\Request))
#52 C:\\wamp64\\www\\Craneburg_Plant_Pro_System\\vendor\\laravel\\framework\\src\\Illuminate\\Cookie\\Middleware\\EncryptCookies.php(66): Illuminate\\Routing\\Pipeline->Illuminate\\Routing\\{closure}(Object(Illuminate\\Http\\Request))
#53 C:\\wamp64\\www\\Craneburg_Plant_Pro_System\\vendor\\laravel\\framework\\src\\Illuminate\\Pipeline\\Pipeline.php(163): Illuminate\\Cookie\\Middleware\\EncryptCookies->handle(Object(Illuminate\\Http\\Request), Object(Closure))
#54 C:\\wamp64\\www\\Craneburg_Plant_Pro_System\\vendor\\laravel\\framework\\src\\Illuminate\\Routing\\Pipeline.php(53): Illuminate\\Pipeline\\Pipeline->Illuminate\\Pipeline\\{closure}(Object(Illuminate\\Http\\Request))
#55 C:\\wamp64\\www\\Craneburg_Plant_Pro_System\\vendor\\laravel\\framework\\src\\Illuminate\\Pipeline\\Pipeline.php(104): Illuminate\\Routing\\Pipeline->Illuminate\\Routing\\{closure}(Object(Illuminate\\Http\\Request))
#56 C:\\wamp64\\www\\Craneburg_Plant_Pro_System\\vendor\\laravel\\framework\\src\\Illuminate\\Routing\\Router.php(682): Illuminate\\Pipeline\\Pipeline->then(Object(Closure))
#57 C:\\wamp64\\www\\Craneburg_Plant_Pro_System\\vendor\\laravel\\framework\\src\\Illuminate\\Routing\\Router.php(657): Illuminate\\Routing\\Router->runRouteWithinStack(Object(Illuminate\\Routing\\Route), Object(Illuminate\\Http\\Request))
#58 C:\\wamp64\\www\\Craneburg_Plant_Pro_System\\vendor\\laravel\\framework\\src\\Illuminate\\Routing\\Router.php(623): Illuminate\\Routing\\Router->runRoute(Object(Illuminate\\Http\\Request), Object(Illuminate\\Routing\\Route))
#59 C:\\wamp64\\www\\Craneburg_Plant_Pro_System\\vendor\\laravel\\framework\\src\\Illuminate\\Routing\\Router.php(612): Illuminate\\Routing\\Router->dispatchToRoute(Object(Illuminate\\Http\\Request))
#60 C:\\wamp64\\www\\Craneburg_Plant_Pro_System\\vendor\\laravel\\framework\\src\\Illuminate\\Foundation\\Http\\Kernel.php(176): Illuminate\\Routing\\Router->dispatch(Object(Illuminate\\Http\\Request))
#61 C:\\wamp64\\www\\Craneburg_Plant_Pro_System\\vendor\\laravel\\framework\\src\\Illuminate\\Routing\\Pipeline.php(30): Illuminate\\Foundation\\Http\\Kernel->Illuminate\\Foundation\\Http\\{closure}(Object(Illuminate\\Http\\Request))
#62 C:\\wamp64\\www\\Craneburg_Plant_Pro_System\\vendor\\fideloper\\proxy\\src\\TrustProxies.php(57): Illuminate\\Routing\\Pipeline->Illuminate\\Routing\\{closure}(Object(Illuminate\\Http\\Request))
#63 C:\\wamp64\\www\\Craneburg_Plant_Pro_System\\vendor\\laravel\\framework\\src\\Illuminate\\Pipeline\\Pipeline.php(163): Fideloper\\Proxy\\TrustProxies->handle(Object(Illuminate\\Http\\Request), Object(Closure))
#64 C:\\wamp64\\www\\Craneburg_Plant_Pro_System\\vendor\\laravel\\framework\\src\\Illuminate\\Routing\\Pipeline.php(53): Illuminate\\Pipeline\\Pipeline->Illuminate\\Pipeline\\{closure}(Object(Illuminate\\Http\\Request))
#65 C:\\wamp64\\www\\Craneburg_Plant_Pro_System\\vendor\\laravel\\framework\\src\\Illuminate\\Foundation\\Http\\Middleware\\TransformsRequest.php(21): Illuminate\\Routing\\Pipeline->Illuminate\\Routing\\{closure}(Object(Illuminate\\Http\\Request))
#66 C:\\wamp64\\www\\Craneburg_Plant_Pro_System\\vendor\\laravel\\framework\\src\\Illuminate\\Pipeline\\Pipeline.php(163): Illuminate\\Foundation\\Http\\Middleware\\TransformsRequest->handle(Object(Illuminate\\Http\\Request), Object(Closure))
#67 C:\\wamp64\\www\\Craneburg_Plant_Pro_System\\vendor\\laravel\\framework\\src\\Illuminate\\Routing\\Pipeline.php(53): Illuminate\\Pipeline\\Pipeline->Illuminate\\Pipeline\\{closure}(Object(Illuminate\\Http\\Request))
#68 C:\\wamp64\\www\\Craneburg_Plant_Pro_System\\vendor\\laravel\\framework\\src\\Illuminate\\Foundation\\Http\\Middleware\\TransformsRequest.php(21): Illuminate\\Routing\\Pipeline->Illuminate\\Routing\\{closure}(Object(Illuminate\\Http\\Request))
#69 C:\\wamp64\\www\\Craneburg_Plant_Pro_System\\vendor\\laravel\\framework\\src\\Illuminate\\Pipeline\\Pipeline.php(163): Illuminate\\Foundation\\Http\\Middleware\\TransformsRequest->handle(Object(Illuminate\\Http\\Request), Object(Closure))
#70 C:\\wamp64\\www\\Craneburg_Plant_Pro_System\\vendor\\laravel\\framework\\src\\Illuminate\\Routing\\Pipeline.php(53): Illuminate\\Pipeline\\Pipeline->Illuminate\\Pipeline\\{closure}(Object(Illuminate\\Http\\Request))
#71 C:\\wamp64\\www\\Craneburg_Plant_Pro_System\\vendor\\laravel\\framework\\src\\Illuminate\\Foundation\\Http\\Middleware\\ValidatePostSize.php(27): Illuminate\\Routing\\Pipeline->Illuminate\\Routing\\{closure}(Object(Illuminate\\Http\\Request))
#72 C:\\wamp64\\www\\Craneburg_Plant_Pro_System\\vendor\\laravel\\framework\\src\\Illuminate\\Pipeline\\Pipeline.php(163): Illuminate\\Foundation\\Http\\Middleware\\ValidatePostSize->handle(Object(Illuminate\\Http\\Request), Object(Closure))
#73 C:\\wamp64\\www\\Craneburg_Plant_Pro_System\\vendor\\laravel\\framework\\src\\Illuminate\\Routing\\Pipeline.php(53): Illuminate\\Pipeline\\Pipeline->Illuminate\\Pipeline\\{closure}(Object(Illuminate\\Http\\Request))
#74 C:\\wamp64\\www\\Craneburg_Plant_Pro_System\\vendor\\laravel\\framework\\src\\Illuminate\\Foundation\\Http\\Middleware\\CheckForMaintenanceMode.php(62): Illuminate\\Routing\\Pipeline->Illuminate\\Routing\\{closure}(Object(Illuminate\\Http\\Request))
#75 C:\\wamp64\\www\\Craneburg_Plant_Pro_System\\vendor\\laravel\\framework\\src\\Illuminate\\Pipeline\\Pipeline.php(163): Illuminate\\Foundation\\Http\\Middleware\\CheckForMaintenanceMode->handle(Object(Illuminate\\Http\\Request), Object(Closure))
#76 C:\\wamp64\\www\\Craneburg_Plant_Pro_System\\vendor\\laravel\\framework\\src\\Illuminate\\Routing\\Pipeline.php(53): Illuminate\\Pipeline\\Pipeline->Illuminate\\Pipeline\\{closure}(Object(Illuminate\\Http\\Request))
#77 C:\\wamp64\\www\\Craneburg_Plant_Pro_System\\vendor\\laravel\\framework\\src\\Illuminate\\Pipeline\\Pipeline.php(104): Illuminate\\Routing\\Pipeline->Illuminate\\Routing\\{closure}(Object(Illuminate\\Http\\Request))
#78 C:\\wamp64\\www\\Craneburg_Plant_Pro_System\\vendor\\laravel\\framework\\src\\Illuminate\\Foundation\\Http\\Kernel.php(151): Illuminate\\Pipeline\\Pipeline->then(Object(Closure))
#79 C:\\wamp64\\www\\Craneburg_Plant_Pro_System\\vendor\\laravel\\framework\\src\\Illuminate\\Foundation\\Http\\Kernel.php(116): Illuminate\\Foundation\\Http\\Kernel->sendRequestThroughRouter(Object(Illuminate\\Http\\Request))
#80 C:\\wamp64\\www\\Craneburg_Plant_Pro_System\\public\\index.php(55): Illuminate\\Foundation\\Http\\Kernel->handle(Object(Illuminate\\Http\\Request))
#81 C:\\wamp64\\www\\Craneburg_Plant_Pro_System\\server.php(21): require_once('C:\\\\wamp64\\\\www\\\\C...')
#82 {main}
"} 
[2020-02-29 11:53:56] local.ERROR: Call to a member function format() on boolean {"userId":1,"exception":"[object] (Symfony\\Component\\Debug\\Exception\\FatalThrowableError(code: 0): Call to a member function format() on boolean at C:\\wamp64\\www\\Craneburg_Plant_Pro_System\\app\\Imports\\EquipmentMasterListImport.php:72)
[stacktrace]
#0 C:\\wamp64\\www\\Craneburg_Plant_Pro_System\\vendor\\maatwebsite\\excel\\src\\Imports\\ModelManager.php(73): App\\Imports\\EquipmentMasterListImport->model(Array)
#1 C:\\wamp64\\www\\Craneburg_Plant_Pro_System\\vendor\\maatwebsite\\excel\\src\\Imports\\ModelManager.php(116): Maatwebsite\\Excel\\Imports\\ModelManager->toModels(Object(App\\Imports\\EquipmentMasterListImport), Array)
#2 C:\\wamp64\\www\\Craneburg_Plant_Pro_System\\vendor\\laravel\\framework\\src\\Illuminate\\Support\\Collection.php(475): Maatwebsite\\Excel\\Imports\\ModelManager->Maatwebsite\\Excel\\Imports\\{closure}(Array, 4)
#3 C:\\wamp64\\www\\Craneburg_Plant_Pro_System\\vendor\\maatwebsite\\excel\\src\\Imports\\ModelManager.php(127): Illuminate\\Support\\Collection->each(Object(Closure))
#4 C:\\wamp64\\www\\Craneburg_Plant_Pro_System\\vendor\\maatwebsite\\excel\\src\\Imports\\ModelManager.php(59): Maatwebsite\\Excel\\Imports\\ModelManager->singleFlush(Object(App\\Imports\\EquipmentMasterListImport))
#5 C:\\wamp64\\www\\Craneburg_Plant_Pro_System\\vendor\\maatwebsite\\excel\\src\\Imports\\ModelImporter.php(57): Maatwebsite\\Excel\\Imports\\ModelManager->flush(Object(App\\Imports\\EquipmentMasterListImport), false)
#6 C:\\wamp64\\www\\Craneburg_Plant_Pro_System\\vendor\\maatwebsite\\excel\\src\\Sheet.php(237): Maatwebsite\\Excel\\Imports\\ModelImporter->import(Object(PhpOffice\\PhpSpreadsheet\\Worksheet\\Worksheet), Object(App\\Imports\\EquipmentMasterListImport), 4)
#7 C:\\wamp64\\www\\Craneburg_Plant_Pro_System\\vendor\\maatwebsite\\excel\\src\\Reader.php(111): Maatwebsite\\Excel\\Sheet->import(Object(App\\Imports\\EquipmentMasterListImport), 4)
#8 C:\\wamp64\\www\\Craneburg_Plant_Pro_System\\vendor\\laravel\\framework\\src\\Illuminate\\Database\\Concerns\\ManagesTransactions.php(29): Maatwebsite\\Excel\\Reader->Maatwebsite\\Excel\\{closure}(Object(Illuminate\\Database\\MySqlConnection))
#9 C:\\wamp64\\www\\Craneburg_Plant_Pro_System\\vendor\\maatwebsite\\excel\\src\\Transactions\\DbTransactionHandler.php(30): Illuminate\\Database\\Connection->transaction(Object(Closure))
#10 C:\\wamp64\\www\\Craneburg_Plant_Pro_System\\vendor\\maatwebsite\\excel\\src\\Reader.php(115): Maatwebsite\\Excel\\Transactions\\DbTransactionHandler->__invoke(Object(Closure))
#11 C:\\wamp64\\www\\Craneburg_Plant_Pro_System\\vendor\\maatwebsite\\excel\\src\\Excel.php(146): Maatwebsite\\Excel\\Reader->read(Object(App\\Imports\\EquipmentMasterListImport), Object(Illuminate\\Http\\UploadedFile), 'Xlsx', NULL)
#12 C:\\wamp64\\www\\Craneburg_Plant_Pro_System\\vendor\\laravel\\framework\\src\\Illuminate\\Support\\Facades\\Facade.php(239): Maatwebsite\\Excel\\Excel->import(Object(App\\Imports\\EquipmentMasterListImport), Object(Illuminate\\Http\\UploadedFile))
#13 C:\\wamp64\\www\\Craneburg_Plant_Pro_System\\app\\Http\\Controllers\\JobCardController.php(201): Illuminate\\Support\\Facades\\Facade::__callStatic('import', Array)
#14 [internal function]: App\\Http\\Controllers\\JobCardController->uploadEquipmentMasterList(Object(Illuminate\\Http\\Request))
#15 C:\\wamp64\\www\\Craneburg_Plant_Pro_System\\vendor\\laravel\\framework\\src\\Illuminate\\Routing\\Controller.php(54): call_user_func_array(Array, Array)
#16 C:\\wamp64\\www\\Craneburg_Plant_Pro_System\\vendor\\laravel\\framework\\src\\Illuminate\\Routing\\ControllerDispatcher.php(45): Illuminate\\Routing\\Controller->callAction('uploadEquipment...', Array)
#17 C:\\wamp64\\www\\Craneburg_Plant_Pro_System\\vendor\\laravel\\framework\\src\\Illuminate\\Routing\\Route.php(219): Illuminate\\Routing\\ControllerDispatcher->dispatch(Object(Illuminate\\Routing\\Route), Object(App\\Http\\Controllers\\JobCardController), 'uploadEquipment...')
#18 C:\\wamp64\\www\\Craneburg_Plant_Pro_System\\vendor\\laravel\\framework\\src\\Illuminate\\Routing\\Route.php(176): Illuminate\\Routing\\Route->runController()
#19 C:\\wamp64\\www\\Craneburg_Plant_Pro_System\\vendor\\laravel\\framework\\src\\Illuminate\\Routing\\Router.php(680): Illuminate\\Routing\\Route->run()
#20 C:\\wamp64\\www\\Craneburg_Plant_Pro_System\\vendor\\laravel\\framework\\src\\Illuminate\\Routing\\Pipeline.php(30): Illuminate\\Routing\\Router->Illuminate\\Routing\\{closure}(Object(Illuminate\\Http\\Request))
#21 C:\\wamp64\\www\\Craneburg_Plant_Pro_System\\vendor\\laravel\\framework\\src\\Illuminate\\Routing\\Middleware\\SubstituteBindings.php(41): Illuminate\\Routing\\Pipeline->Illuminate\\Routing\\{closure}(Object(Illuminate\\Http\\Request))
#22 C:\\wamp64\\www\\Craneburg_Plant_Pro_System\\vendor\\laravel\\framework\\src\\Illuminate\\Pipeline\\Pipeline.php(163): Illuminate\\Routing\\Middleware\\SubstituteBindings->handle(Object(Illuminate\\Http\\Request), Object(Closure))
#23 C:\\wamp64\\www\\Craneburg_Plant_Pro_System\\vendor\\laravel\\framework\\src\\Illuminate\\Routing\\Pipeline.php(53): Illuminate\\Pipeline\\Pipeline->Illuminate\\Pipeline\\{closure}(Object(Illuminate\\Http\\Request))
#24 C:\\wamp64\\www\\Craneburg_Plant_Pro_System\\vendor\\laravel\\framework\\src\\Illuminate\\Auth\\Middleware\\Authenticate.php(43): Illuminate\\Routing\\Pipeline->Illuminate\\Routing\\{closure}(Object(Illuminate\\Http\\Request))
#25 C:\\wamp64\\www\\Craneburg_Plant_Pro_System\\vendor\\laravel\\framework\\src\\Illuminate\\Pipeline\\Pipeline.php(163): Illuminate\\Auth\\Middleware\\Authenticate->handle(Object(Illuminate\\Http\\Request), Object(Closure))
#26 C:\\wamp64\\www\\Craneburg_Plant_Pro_System\\vendor\\laravel\\framework\\src\\Illuminate\\Routing\\Pipeline.php(53): Illuminate\\Pipeline\\Pipeline->Illuminate\\Pipeline\\{closure}(Object(Illuminate\\Http\\Request))
#27 C:\\wamp64\\www\\Craneburg_Plant_Pro_System\\vendor\\laravel\\framework\\src\\Illuminate\\Foundation\\Http\\Middleware\\VerifyCsrfToken.php(75): Illuminate\\Routing\\Pipeline->Illuminate\\Routing\\{closure}(Object(Illuminate\\Http\\Request))
#28 C:\\wamp64\\www\\Craneburg_Plant_Pro_System\\vendor\\laravel\\framework\\src\\Illuminate\\Pipeline\\Pipeline.php(163): Illuminate\\Foundation\\Http\\Middleware\\VerifyCsrfToken->handle(Object(Illuminate\\Http\\Request), Object(Closure))
#29 C:\\wamp64\\www\\Craneburg_Plant_Pro_System\\vendor\\laravel\\framework\\src\\Illuminate\\Routing\\Pipeline.php(53): Illuminate\\Pipeline\\Pipeline->Illuminate\\Pipeline\\{closure}(Object(Illuminate\\Http\\Request))
#30 C:\\wamp64\\www\\Craneburg_Plant_Pro_System\\vendor\\laravel\\framework\\src\\Illuminate\\View\\Middleware\\ShareErrorsFromSession.php(49): Illuminate\\Routing\\Pipeline->Illuminate\\Routing\\{closure}(Object(Illuminate\\Http\\Request))
#31 C:\\wamp64\\www\\Craneburg_Plant_Pro_System\\vendor\\laravel\\framework\\src\\Illuminate\\Pipeline\\Pipeline.php(163): Illuminate\\View\\Middleware\\ShareErrorsFromSession->handle(Object(Illuminate\\Http\\Request), Object(Closure))
#32 C:\\wamp64\\www\\Craneburg_Plant_Pro_System\\vendor\\laravel\\framework\\src\\Illuminate\\Routing\\Pipeline.php(53): Illuminate\\Pipeline\\Pipeline->Illuminate\\Pipeline\\{closure}(Object(Illuminate\\Http\\Request))
#33 C:\\wamp64\\www\\Craneburg_Plant_Pro_System\\vendor\\laravel\\framework\\src\\Illuminate\\Session\\Middleware\\StartSession.php(56): Illuminate\\Routing\\Pipeline->Illuminate\\Routing\\{closure}(Object(Illuminate\\Http\\Request))
#34 C:\\wamp64\\www\\Craneburg_Plant_Pro_System\\vendor\\laravel\\framework\\src\\Illuminate\\Pipeline\\Pipeline.php(163): Illuminate\\Session\\Middleware\\StartSession->handle(Object(Illuminate\\Http\\Request), Object(Closure))
#35 C:\\wamp64\\www\\Craneburg_Plant_Pro_System\\vendor\\laravel\\framework\\src\\Illuminate\\Routing\\Pipeline.php(53): Illuminate\\Pipeline\\Pipeline->Illuminate\\Pipeline\\{closure}(Object(Illuminate\\Http\\Request))
#36 C:\\wamp64\\www\\Craneburg_Plant_Pro_System\\vendor\\laravel\\framework\\src\\Illuminate\\Cookie\\Middleware\\AddQueuedCookiesToResponse.php(37): Illuminate\\Routing\\Pipeline->Illuminate\\Routing\\{closure}(Object(Illuminate\\Http\\Request))
#37 C:\\wamp64\\www\\Craneburg_Plant_Pro_System\\vendor\\laravel\\framework\\src\\Illuminate\\Pipeline\\Pipeline.php(163): Illuminate\\Cookie\\Middleware\\AddQueuedCookiesToResponse->handle(Object(Illuminate\\Http\\Request), Object(Closure))
#38 C:\\wamp64\\www\\Craneburg_Plant_Pro_System\\vendor\\laravel\\framework\\src\\Illuminate\\Routing\\Pipeline.php(53): Illuminate\\Pipeline\\Pipeline->Illuminate\\Pipeline\\{closure}(Object(Illuminate\\Http\\Request))
#39 C:\\wamp64\\www\\Craneburg_Plant_Pro_System\\vendor\\laravel\\framework\\src\\Illuminate\\Cookie\\Middleware\\EncryptCookies.php(66): Illuminate\\Routing\\Pipeline->Illuminate\\Routing\\{closure}(Object(Illuminate\\Http\\Request))
#40 C:\\wamp64\\www\\Craneburg_Plant_Pro_System\\vendor\\laravel\\framework\\src\\Illuminate\\Pipeline\\Pipeline.php(163): Illuminate\\Cookie\\Middleware\\EncryptCookies->handle(Object(Illuminate\\Http\\Request), Object(Closure))
#41 C:\\wamp64\\www\\Craneburg_Plant_Pro_System\\vendor\\laravel\\framework\\src\\Illuminate\\Routing\\Pipeline.php(53): Illuminate\\Pipeline\\Pipeline->Illuminate\\Pipeline\\{closure}(Object(Illuminate\\Http\\Request))
#42 C:\\wamp64\\www\\Craneburg_Plant_Pro_System\\vendor\\laravel\\framework\\src\\Illuminate\\Pipeline\\Pipeline.php(104): Illuminate\\Routing\\Pipeline->Illuminate\\Routing\\{closure}(Object(Illuminate\\Http\\Request))
#43 C:\\wamp64\\www\\Craneburg_Plant_Pro_System\\vendor\\laravel\\framework\\src\\Illuminate\\Routing\\Router.php(682): Illuminate\\Pipeline\\Pipeline->then(Object(Closure))
#44 C:\\wamp64\\www\\Craneburg_Plant_Pro_System\\vendor\\laravel\\framework\\src\\Illuminate\\Routing\\Router.php(657): Illuminate\\Routing\\Router->runRouteWithinStack(Object(Illuminate\\Routing\\Route), Object(Illuminate\\Http\\Request))
#45 C:\\wamp64\\www\\Craneburg_Plant_Pro_System\\vendor\\laravel\\framework\\src\\Illuminate\\Routing\\Router.php(623): Illuminate\\Routing\\Router->runRoute(Object(Illuminate\\Http\\Request), Object(Illuminate\\Routing\\Route))
#46 C:\\wamp64\\www\\Craneburg_Plant_Pro_System\\vendor\\laravel\\framework\\src\\Illuminate\\Routing\\Router.php(612): Illuminate\\Routing\\Router->dispatchToRoute(Object(Illuminate\\Http\\Request))
#47 C:\\wamp64\\www\\Craneburg_Plant_Pro_System\\vendor\\laravel\\framework\\src\\Illuminate\\Foundation\\Http\\Kernel.php(176): Illuminate\\Routing\\Router->dispatch(Object(Illuminate\\Http\\Request))
#48 C:\\wamp64\\www\\Craneburg_Plant_Pro_System\\vendor\\laravel\\framework\\src\\Illuminate\\Routing\\Pipeline.php(30): Illuminate\\Foundation\\Http\\Kernel->Illuminate\\Foundation\\Http\\{closure}(Object(Illuminate\\Http\\Request))
#49 C:\\wamp64\\www\\Craneburg_Plant_Pro_System\\vendor\\fideloper\\proxy\\src\\TrustProxies.php(57): Illuminate\\Routing\\Pipeline->Illuminate\\Routing\\{closure}(Object(Illuminate\\Http\\Request))
#50 C:\\wamp64\\www\\Craneburg_Plant_Pro_System\\vendor\\laravel\\framework\\src\\Illuminate\\Pipeline\\Pipeline.php(163): Fideloper\\Proxy\\TrustProxies->handle(Object(Illuminate\\Http\\Request), Object(Closure))
#51 C:\\wamp64\\www\\Craneburg_Plant_Pro_System\\vendor\\laravel\\framework\\src\\Illuminate\\Routing\\Pipeline.php(53): Illuminate\\Pipeline\\Pipeline->Illuminate\\Pipeline\\{closure}(Object(Illuminate\\Http\\Request))
#52 C:\\wamp64\\www\\Craneburg_Plant_Pro_System\\vendor\\laravel\\framework\\src\\Illuminate\\Foundation\\Http\\Middleware\\TransformsRequest.php(21): Illuminate\\Routing\\Pipeline->Illuminate\\Routing\\{closure}(Object(Illuminate\\Http\\Request))
#53 C:\\wamp64\\www\\Craneburg_Plant_Pro_System\\vendor\\laravel\\framework\\src\\Illuminate\\Pipeline\\Pipeline.php(163): Illuminate\\Foundation\\Http\\Middleware\\TransformsRequest->handle(Object(Illuminate\\Http\\Request), Object(Closure))
#54 C:\\wamp64\\www\\Craneburg_Plant_Pro_System\\vendor\\laravel\\framework\\src\\Illuminate\\Routing\\Pipeline.php(53): Illuminate\\Pipeline\\Pipeline->Illuminate\\Pipeline\\{closure}(Object(Illuminate\\Http\\Request))
#55 C:\\wamp64\\www\\Craneburg_Plant_Pro_System\\vendor\\laravel\\framework\\src\\Illuminate\\Foundation\\Http\\Middleware\\TransformsRequest.php(21): Illuminate\\Routing\\Pipeline->Illuminate\\Routing\\{closure}(Object(Illuminate\\Http\\Request))
#56 C:\\wamp64\\www\\Craneburg_Plant_Pro_System\\vendor\\laravel\\framework\\src\\Illuminate\\Pipeline\\Pipeline.php(163): Illuminate\\Foundation\\Http\\Middleware\\TransformsRequest->handle(Object(Illuminate\\Http\\Request), Object(Closure))
#57 C:\\wamp64\\www\\Craneburg_Plant_Pro_System\\vendor\\laravel\\framework\\src\\Illuminate\\Routing\\Pipeline.php(53): Illuminate\\Pipeline\\Pipeline->Illuminate\\Pipeline\\{closure}(Object(Illuminate\\Http\\Request))
#58 C:\\wamp64\\www\\Craneburg_Plant_Pro_System\\vendor\\laravel\\framework\\src\\Illuminate\\Foundation\\Http\\Middleware\\ValidatePostSize.php(27): Illuminate\\Routing\\Pipeline->Illuminate\\Routing\\{closure}(Object(Illuminate\\Http\\Request))
#59 C:\\wamp64\\www\\Craneburg_Plant_Pro_System\\vendor\\laravel\\framework\\src\\Illuminate\\Pipeline\\Pipeline.php(163): Illuminate\\Foundation\\Http\\Middleware\\ValidatePostSize->handle(Object(Illuminate\\Http\\Request), Object(Closure))
#60 C:\\wamp64\\www\\Craneburg_Plant_Pro_System\\vendor\\laravel\\framework\\src\\Illuminate\\Routing\\Pipeline.php(53): Illuminate\\Pipeline\\Pipeline->Illuminate\\Pipeline\\{closure}(Object(Illuminate\\Http\\Request))
#61 C:\\wamp64\\www\\Craneburg_Plant_Pro_System\\vendor\\laravel\\framework\\src\\Illuminate\\Foundation\\Http\\Middleware\\CheckForMaintenanceMode.php(62): Illuminate\\Routing\\Pipeline->Illuminate\\Routing\\{closure}(Object(Illuminate\\Http\\Request))
#62 C:\\wamp64\\www\\Craneburg_Plant_Pro_System\\vendor\\laravel\\framework\\src\\Illuminate\\Pipeline\\Pipeline.php(163): Illuminate\\Foundation\\Http\\Middleware\\CheckForMaintenanceMode->handle(Object(Illuminate\\Http\\Request), Object(Closure))
#63 C:\\wamp64\\www\\Craneburg_Plant_Pro_System\\vendor\\laravel\\framework\\src\\Illuminate\\Routing\\Pipeline.php(53): Illuminate\\Pipeline\\Pipeline->Illuminate\\Pipeline\\{closure}(Object(Illuminate\\Http\\Request))
#64 C:\\wamp64\\www\\Craneburg_Plant_Pro_System\\vendor\\laravel\\framework\\src\\Illuminate\\Pipeline\\Pipeline.php(104): Illuminate\\Routing\\Pipeline->Illuminate\\Routing\\{closure}(Object(Illuminate\\Http\\Request))
#65 C:\\wamp64\\www\\Craneburg_Plant_Pro_System\\vendor\\laravel\\framework\\src\\Illuminate\\Foundation\\Http\\Kernel.php(151): Illuminate\\Pipeline\\Pipeline->then(Object(Closure))
#66 C:\\wamp64\\www\\Craneburg_Plant_Pro_System\\vendor\\laravel\\framework\\src\\Illuminate\\Foundation\\Http\\Kernel.php(116): Illuminate\\Foundation\\Http\\Kernel->sendRequestThroughRouter(Object(Illuminate\\Http\\Request))
#67 C:\\wamp64\\www\\Craneburg_Plant_Pro_System\\public\\index.php(55): Illuminate\\Foundation\\Http\\Kernel->handle(Object(Illuminate\\Http\\Request))
#68 C:\\wamp64\\www\\Craneburg_Plant_Pro_System\\server.php(21): require_once('C:\\\\wamp64\\\\www\\\\C...')
#69 {main}
"} 
[2020-02-29 11:54:25] local.ERROR: SQLSTATE[23000]: Integrity constraint violation: 1048 Column 'fleet_no' cannot be null (SQL: insert into `EquipmentMasterList` (`fleet_no`, `parent_fleet_no`, `fleet-no_description`, `Registration_no`, `hourmeter_reading`, `attachment`, `type_code`, `type_description`, `make`, `model`, `machine_serial_no`, `machine_arr_n`, `engine_make`, `engine_model`, `engine_serial_no`, `engine_arr_n`, `power_rating_hp_kw`, `capacity`, `assesment`, `condition`, `region`, `project_code`, `project_description`, `users`, `ownership`, `year_purchase`, `mfg_year`, `comm_date`, `invoice`, `order_no`, `date_in`, `purchase_condition`, `landed_cost`, `market_value`, `location`, `updated_at`, `created_at`) values (?, ?, ?, ?, ?, ?, ?, ?, ?, ?, ?, ?, ?, ?, ?, ?, ?, ?, ?, ?, ?, ?, ?, ?, ?, ?, ?, 1970-01-01 00:00:00, ?, ?, 1970-01-01 00:00:00, ?, ?, ?, ?, 2020-02-29 11:54:25, 2020-02-29 11:54:25)) {"userId":1,"exception":"[object] (Illuminate\\Database\\QueryException(code: 23000): SQLSTATE[23000]: Integrity constraint violation: 1048 Column 'fleet_no' cannot be null (SQL: insert into `EquipmentMasterList` (`fleet_no`, `parent_fleet_no`, `fleet-no_description`, `Registration_no`, `hourmeter_reading`, `attachment`, `type_code`, `type_description`, `make`, `model`, `machine_serial_no`, `machine_arr_n`, `engine_make`, `engine_model`, `engine_serial_no`, `engine_arr_n`, `power_rating_hp_kw`, `capacity`, `assesment`, `condition`, `region`, `project_code`, `project_description`, `users`, `ownership`, `year_purchase`, `mfg_year`, `comm_date`, `invoice`, `order_no`, `date_in`, `purchase_condition`, `landed_cost`, `market_value`, `location`, `updated_at`, `created_at`) values (?, ?, ?, ?, ?, ?, ?, ?, ?, ?, ?, ?, ?, ?, ?, ?, ?, ?, ?, ?, ?, ?, ?, ?, ?, ?, ?, 1970-01-01 00:00:00, ?, ?, 1970-01-01 00:00:00, ?, ?, ?, ?, 2020-02-29 11:54:25, 2020-02-29 11:54:25)) at C:\\wamp64\\www\\Craneburg_Plant_Pro_System\\vendor\\laravel\\framework\\src\\Illuminate\\Database\\Connection.php:664, PDOException(code: 23000): SQLSTATE[23000]: Integrity constraint violation: 1048 Column 'fleet_no' cannot be null at C:\\wamp64\\www\\Craneburg_Plant_Pro_System\\vendor\\laravel\\framework\\src\\Illuminate\\Database\\Connection.php:458)
[stacktrace]
#0 C:\\wamp64\\www\\Craneburg_Plant_Pro_System\\vendor\\laravel\\framework\\src\\Illuminate\\Database\\Connection.php(624): Illuminate\\Database\\Connection->runQueryCallback('insert into `Eq...', Array, Object(Closure))
#1 C:\\wamp64\\www\\Craneburg_Plant_Pro_System\\vendor\\laravel\\framework\\src\\Illuminate\\Database\\Connection.php(459): Illuminate\\Database\\Connection->run('insert into `Eq...', Array, Object(Closure))
#2 C:\\wamp64\\www\\Craneburg_Plant_Pro_System\\vendor\\laravel\\framework\\src\\Illuminate\\Database\\Connection.php(411): Illuminate\\Database\\Connection->statement('insert into `Eq...', Array)
#3 C:\\wamp64\\www\\Craneburg_Plant_Pro_System\\vendor\\laravel\\framework\\src\\Illuminate\\Database\\Query\\Processors\\Processor.php(32): Illuminate\\Database\\Connection->insert('insert into `Eq...', Array)
#4 C:\\wamp64\\www\\Craneburg_Plant_Pro_System\\vendor\\laravel\\framework\\src\\Illuminate\\Database\\Query\\Builder.php(2690): Illuminate\\Database\\Query\\Processors\\Processor->processInsertGetId(Object(Illuminate\\Database\\Query\\Builder), 'insert into `Eq...', Array, 'id')
#5 C:\\wamp64\\www\\Craneburg_Plant_Pro_System\\vendor\\laravel\\framework\\src\\Illuminate\\Database\\Eloquent\\Builder.php(1353): Illuminate\\Database\\Query\\Builder->insertGetId(Array, 'id')
#6 C:\\wamp64\\www\\Craneburg_Plant_Pro_System\\vendor\\laravel\\framework\\src\\Illuminate\\Database\\Eloquent\\Model.php(839): Illuminate\\Database\\Eloquent\\Builder->__call('insertGetId', Array)
#7 C:\\wamp64\\www\\Craneburg_Plant_Pro_System\\vendor\\laravel\\framework\\src\\Illuminate\\Database\\Eloquent\\Model.php(804): Illuminate\\Database\\Eloquent\\Model->insertAndSetId(Object(Illuminate\\Database\\Eloquent\\Builder), Array)
#8 C:\\wamp64\\www\\Craneburg_Plant_Pro_System\\vendor\\laravel\\framework\\src\\Illuminate\\Database\\Eloquent\\Model.php(667): Illuminate\\Database\\Eloquent\\Model->performInsert(Object(Illuminate\\Database\\Eloquent\\Builder))
#9 C:\\wamp64\\www\\Craneburg_Plant_Pro_System\\vendor\\laravel\\framework\\src\\Illuminate\\Database\\Eloquent\\Model.php(696): Illuminate\\Database\\Eloquent\\Model->save(Array)
#10 C:\\wamp64\\www\\Craneburg_Plant_Pro_System\\vendor\\laravel\\framework\\src\\Illuminate\\Database\\Concerns\\ManagesTransactions.php(29): Illuminate\\Database\\Eloquent\\Model->Illuminate\\Database\\Eloquent\\{closure}(Object(Illuminate\\Database\\MySqlConnection))
#11 C:\\wamp64\\www\\Craneburg_Plant_Pro_System\\vendor\\laravel\\framework\\src\\Illuminate\\Database\\Eloquent\\Model.php(697): Illuminate\\Database\\Connection->transaction(Object(Closure))
#12 C:\\wamp64\\www\\Craneburg_Plant_Pro_System\\vendor\\maatwebsite\\excel\\src\\Imports\\ModelManager.php(118): Illuminate\\Database\\Eloquent\\Model->saveOrFail()
#13 C:\\wamp64\\www\\Craneburg_Plant_Pro_System\\vendor\\laravel\\framework\\src\\Illuminate\\Support\\Collection.php(475): Maatwebsite\\Excel\\Imports\\ModelManager->Maatwebsite\\Excel\\Imports\\{closure}(Object(App\\EquipmentMasterList), 0)
#14 C:\\wamp64\\www\\Craneburg_Plant_Pro_System\\vendor\\maatwebsite\\excel\\src\\Imports\\ModelManager.php(126): Illuminate\\Support\\Collection->each(Object(Closure))
#15 C:\\wamp64\\www\\Craneburg_Plant_Pro_System\\vendor\\laravel\\framework\\src\\Illuminate\\Support\\Collection.php(475): Maatwebsite\\Excel\\Imports\\ModelManager->Maatwebsite\\Excel\\Imports\\{closure}(Array, 818)
#16 C:\\wamp64\\www\\Craneburg_Plant_Pro_System\\vendor\\maatwebsite\\excel\\src\\Imports\\ModelManager.php(127): Illuminate\\Support\\Collection->each(Object(Closure))
#17 C:\\wamp64\\www\\Craneburg_Plant_Pro_System\\vendor\\maatwebsite\\excel\\src\\Imports\\ModelManager.php(59): Maatwebsite\\Excel\\Imports\\ModelManager->singleFlush(Object(App\\Imports\\EquipmentMasterListImport))
#18 C:\\wamp64\\www\\Craneburg_Plant_Pro_System\\vendor\\maatwebsite\\excel\\src\\Imports\\ModelImporter.php(57): Maatwebsite\\Excel\\Imports\\ModelManager->flush(Object(App\\Imports\\EquipmentMasterListImport), false)
#19 C:\\wamp64\\www\\Craneburg_Plant_Pro_System\\vendor\\maatwebsite\\excel\\src\\Sheet.php(237): Maatwebsite\\Excel\\Imports\\ModelImporter->import(Object(PhpOffice\\PhpSpreadsheet\\Worksheet\\Worksheet), Object(App\\Imports\\EquipmentMasterListImport), 4)
#20 C:\\wamp64\\www\\Craneburg_Plant_Pro_System\\vendor\\maatwebsite\\excel\\src\\Reader.php(111): Maatwebsite\\Excel\\Sheet->import(Object(App\\Imports\\EquipmentMasterListImport), 4)
#21 C:\\wamp64\\www\\Craneburg_Plant_Pro_System\\vendor\\laravel\\framework\\src\\Illuminate\\Database\\Concerns\\ManagesTransactions.php(29): Maatwebsite\\Excel\\Reader->Maatwebsite\\Excel\\{closure}(Object(Illuminate\\Database\\MySqlConnection))
#22 C:\\wamp64\\www\\Craneburg_Plant_Pro_System\\vendor\\maatwebsite\\excel\\src\\Transactions\\DbTransactionHandler.php(30): Illuminate\\Database\\Connection->transaction(Object(Closure))
#23 C:\\wamp64\\www\\Craneburg_Plant_Pro_System\\vendor\\maatwebsite\\excel\\src\\Reader.php(115): Maatwebsite\\Excel\\Transactions\\DbTransactionHandler->__invoke(Object(Closure))
#24 C:\\wamp64\\www\\Craneburg_Plant_Pro_System\\vendor\\maatwebsite\\excel\\src\\Excel.php(146): Maatwebsite\\Excel\\Reader->read(Object(App\\Imports\\EquipmentMasterListImport), Object(Illuminate\\Http\\UploadedFile), 'Xlsx', NULL)
#25 C:\\wamp64\\www\\Craneburg_Plant_Pro_System\\vendor\\laravel\\framework\\src\\Illuminate\\Support\\Facades\\Facade.php(239): Maatwebsite\\Excel\\Excel->import(Object(App\\Imports\\EquipmentMasterListImport), Object(Illuminate\\Http\\UploadedFile))
#26 C:\\wamp64\\www\\Craneburg_Plant_Pro_System\\app\\Http\\Controllers\\JobCardController.php(201): Illuminate\\Support\\Facades\\Facade::__callStatic('import', Array)
#27 [internal function]: App\\Http\\Controllers\\JobCardController->uploadEquipmentMasterList(Object(Illuminate\\Http\\Request))
#28 C:\\wamp64\\www\\Craneburg_Plant_Pro_System\\vendor\\laravel\\framework\\src\\Illuminate\\Routing\\Controller.php(54): call_user_func_array(Array, Array)
#29 C:\\wamp64\\www\\Craneburg_Plant_Pro_System\\vendor\\laravel\\framework\\src\\Illuminate\\Routing\\ControllerDispatcher.php(45): Illuminate\\Routing\\Controller->callAction('uploadEquipment...', Array)
#30 C:\\wamp64\\www\\Craneburg_Plant_Pro_System\\vendor\\laravel\\framework\\src\\Illuminate\\Routing\\Route.php(219): Illuminate\\Routing\\ControllerDispatcher->dispatch(Object(Illuminate\\Routing\\Route), Object(App\\Http\\Controllers\\JobCardController), 'uploadEquipment...')
#31 C:\\wamp64\\www\\Craneburg_Plant_Pro_System\\vendor\\laravel\\framework\\src\\Illuminate\\Routing\\Route.php(176): Illuminate\\Routing\\Route->runController()
#32 C:\\wamp64\\www\\Craneburg_Plant_Pro_System\\vendor\\laravel\\framework\\src\\Illuminate\\Routing\\Router.php(680): Illuminate\\Routing\\Route->run()
#33 C:\\wamp64\\www\\Craneburg_Plant_Pro_System\\vendor\\laravel\\framework\\src\\Illuminate\\Routing\\Pipeline.php(30): Illuminate\\Routing\\Router->Illuminate\\Routing\\{closure}(Object(Illuminate\\Http\\Request))
#34 C:\\wamp64\\www\\Craneburg_Plant_Pro_System\\vendor\\laravel\\framework\\src\\Illuminate\\Routing\\Middleware\\SubstituteBindings.php(41): Illuminate\\Routing\\Pipeline->Illuminate\\Routing\\{closure}(Object(Illuminate\\Http\\Request))
#35 C:\\wamp64\\www\\Craneburg_Plant_Pro_System\\vendor\\laravel\\framework\\src\\Illuminate\\Pipeline\\Pipeline.php(163): Illuminate\\Routing\\Middleware\\SubstituteBindings->handle(Object(Illuminate\\Http\\Request), Object(Closure))
#36 C:\\wamp64\\www\\Craneburg_Plant_Pro_System\\vendor\\laravel\\framework\\src\\Illuminate\\Routing\\Pipeline.php(53): Illuminate\\Pipeline\\Pipeline->Illuminate\\Pipeline\\{closure}(Object(Illuminate\\Http\\Request))
#37 C:\\wamp64\\www\\Craneburg_Plant_Pro_System\\vendor\\laravel\\framework\\src\\Illuminate\\Auth\\Middleware\\Authenticate.php(43): Illuminate\\Routing\\Pipeline->Illuminate\\Routing\\{closure}(Object(Illuminate\\Http\\Request))
#38 C:\\wamp64\\www\\Craneburg_Plant_Pro_System\\vendor\\laravel\\framework\\src\\Illuminate\\Pipeline\\Pipeline.php(163): Illuminate\\Auth\\Middleware\\Authenticate->handle(Object(Illuminate\\Http\\Request), Object(Closure))
#39 C:\\wamp64\\www\\Craneburg_Plant_Pro_System\\vendor\\laravel\\framework\\src\\Illuminate\\Routing\\Pipeline.php(53): Illuminate\\Pipeline\\Pipeline->Illuminate\\Pipeline\\{closure}(Object(Illuminate\\Http\\Request))
#40 C:\\wamp64\\www\\Craneburg_Plant_Pro_System\\vendor\\laravel\\framework\\src\\Illuminate\\Foundation\\Http\\Middleware\\VerifyCsrfToken.php(75): Illuminate\\Routing\\Pipeline->Illuminate\\Routing\\{closure}(Object(Illuminate\\Http\\Request))
#41 C:\\wamp64\\www\\Craneburg_Plant_Pro_System\\vendor\\laravel\\framework\\src\\Illuminate\\Pipeline\\Pipeline.php(163): Illuminate\\Foundation\\Http\\Middleware\\VerifyCsrfToken->handle(Object(Illuminate\\Http\\Request), Object(Closure))
#42 C:\\wamp64\\www\\Craneburg_Plant_Pro_System\\vendor\\laravel\\framework\\src\\Illuminate\\Routing\\Pipeline.php(53): Illuminate\\Pipeline\\Pipeline->Illuminate\\Pipeline\\{closure}(Object(Illuminate\\Http\\Request))
#43 C:\\wamp64\\www\\Craneburg_Plant_Pro_System\\vendor\\laravel\\framework\\src\\Illuminate\\View\\Middleware\\ShareErrorsFromSession.php(49): Illuminate\\Routing\\Pipeline->Illuminate\\Routing\\{closure}(Object(Illuminate\\Http\\Request))
#44 C:\\wamp64\\www\\Craneburg_Plant_Pro_System\\vendor\\laravel\\framework\\src\\Illuminate\\Pipeline\\Pipeline.php(163): Illuminate\\View\\Middleware\\ShareErrorsFromSession->handle(Object(Illuminate\\Http\\Request), Object(Closure))
#45 C:\\wamp64\\www\\Craneburg_Plant_Pro_System\\vendor\\laravel\\framework\\src\\Illuminate\\Routing\\Pipeline.php(53): Illuminate\\Pipeline\\Pipeline->Illuminate\\Pipeline\\{closure}(Object(Illuminate\\Http\\Request))
#46 C:\\wamp64\\www\\Craneburg_Plant_Pro_System\\vendor\\laravel\\framework\\src\\Illuminate\\Session\\Middleware\\StartSession.php(56): Illuminate\\Routing\\Pipeline->Illuminate\\Routing\\{closure}(Object(Illuminate\\Http\\Request))
#47 C:\\wamp64\\www\\Craneburg_Plant_Pro_System\\vendor\\laravel\\framework\\src\\Illuminate\\Pipeline\\Pipeline.php(163): Illuminate\\Session\\Middleware\\StartSession->handle(Object(Illuminate\\Http\\Request), Object(Closure))
#48 C:\\wamp64\\www\\Craneburg_Plant_Pro_System\\vendor\\laravel\\framework\\src\\Illuminate\\Routing\\Pipeline.php(53): Illuminate\\Pipeline\\Pipeline->Illuminate\\Pipeline\\{closure}(Object(Illuminate\\Http\\Request))
#49 C:\\wamp64\\www\\Craneburg_Plant_Pro_System\\vendor\\laravel\\framework\\src\\Illuminate\\Cookie\\Middleware\\AddQueuedCookiesToResponse.php(37): Illuminate\\Routing\\Pipeline->Illuminate\\Routing\\{closure}(Object(Illuminate\\Http\\Request))
#50 C:\\wamp64\\www\\Craneburg_Plant_Pro_System\\vendor\\laravel\\framework\\src\\Illuminate\\Pipeline\\Pipeline.php(163): Illuminate\\Cookie\\Middleware\\AddQueuedCookiesToResponse->handle(Object(Illuminate\\Http\\Request), Object(Closure))
#51 C:\\wamp64\\www\\Craneburg_Plant_Pro_System\\vendor\\laravel\\framework\\src\\Illuminate\\Routing\\Pipeline.php(53): Illuminate\\Pipeline\\Pipeline->Illuminate\\Pipeline\\{closure}(Object(Illuminate\\Http\\Request))
#52 C:\\wamp64\\www\\Craneburg_Plant_Pro_System\\vendor\\laravel\\framework\\src\\Illuminate\\Cookie\\Middleware\\EncryptCookies.php(66): Illuminate\\Routing\\Pipeline->Illuminate\\Routing\\{closure}(Object(Illuminate\\Http\\Request))
#53 C:\\wamp64\\www\\Craneburg_Plant_Pro_System\\vendor\\laravel\\framework\\src\\Illuminate\\Pipeline\\Pipeline.php(163): Illuminate\\Cookie\\Middleware\\EncryptCookies->handle(Object(Illuminate\\Http\\Request), Object(Closure))
#54 C:\\wamp64\\www\\Craneburg_Plant_Pro_System\\vendor\\laravel\\framework\\src\\Illuminate\\Routing\\Pipeline.php(53): Illuminate\\Pipeline\\Pipeline->Illuminate\\Pipeline\\{closure}(Object(Illuminate\\Http\\Request))
#55 C:\\wamp64\\www\\Craneburg_Plant_Pro_System\\vendor\\laravel\\framework\\src\\Illuminate\\Pipeline\\Pipeline.php(104): Illuminate\\Routing\\Pipeline->Illuminate\\Routing\\{closure}(Object(Illuminate\\Http\\Request))
#56 C:\\wamp64\\www\\Craneburg_Plant_Pro_System\\vendor\\laravel\\framework\\src\\Illuminate\\Routing\\Router.php(682): Illuminate\\Pipeline\\Pipeline->then(Object(Closure))
#57 C:\\wamp64\\www\\Craneburg_Plant_Pro_System\\vendor\\laravel\\framework\\src\\Illuminate\\Routing\\Router.php(657): Illuminate\\Routing\\Router->runRouteWithinStack(Object(Illuminate\\Routing\\Route), Object(Illuminate\\Http\\Request))
#58 C:\\wamp64\\www\\Craneburg_Plant_Pro_System\\vendor\\laravel\\framework\\src\\Illuminate\\Routing\\Router.php(623): Illuminate\\Routing\\Router->runRoute(Object(Illuminate\\Http\\Request), Object(Illuminate\\Routing\\Route))
#59 C:\\wamp64\\www\\Craneburg_Plant_Pro_System\\vendor\\laravel\\framework\\src\\Illuminate\\Routing\\Router.php(612): Illuminate\\Routing\\Router->dispatchToRoute(Object(Illuminate\\Http\\Request))
#60 C:\\wamp64\\www\\Craneburg_Plant_Pro_System\\vendor\\laravel\\framework\\src\\Illuminate\\Foundation\\Http\\Kernel.php(176): Illuminate\\Routing\\Router->dispatch(Object(Illuminate\\Http\\Request))
#61 C:\\wamp64\\www\\Craneburg_Plant_Pro_System\\vendor\\laravel\\framework\\src\\Illuminate\\Routing\\Pipeline.php(30): Illuminate\\Foundation\\Http\\Kernel->Illuminate\\Foundation\\Http\\{closure}(Object(Illuminate\\Http\\Request))
#62 C:\\wamp64\\www\\Craneburg_Plant_Pro_System\\vendor\\fideloper\\proxy\\src\\TrustProxies.php(57): Illuminate\\Routing\\Pipeline->Illuminate\\Routing\\{closure}(Object(Illuminate\\Http\\Request))
#63 C:\\wamp64\\www\\Craneburg_Plant_Pro_System\\vendor\\laravel\\framework\\src\\Illuminate\\Pipeline\\Pipeline.php(163): Fideloper\\Proxy\\TrustProxies->handle(Object(Illuminate\\Http\\Request), Object(Closure))
#64 C:\\wamp64\\www\\Craneburg_Plant_Pro_System\\vendor\\laravel\\framework\\src\\Illuminate\\Routing\\Pipeline.php(53): Illuminate\\Pipeline\\Pipeline->Illuminate\\Pipeline\\{closure}(Object(Illuminate\\Http\\Request))
#65 C:\\wamp64\\www\\Craneburg_Plant_Pro_System\\vendor\\laravel\\framework\\src\\Illuminate\\Foundation\\Http\\Middleware\\TransformsRequest.php(21): Illuminate\\Routing\\Pipeline->Illuminate\\Routing\\{closure}(Object(Illuminate\\Http\\Request))
#66 C:\\wamp64\\www\\Craneburg_Plant_Pro_System\\vendor\\laravel\\framework\\src\\Illuminate\\Pipeline\\Pipeline.php(163): Illuminate\\Foundation\\Http\\Middleware\\TransformsRequest->handle(Object(Illuminate\\Http\\Request), Object(Closure))
#67 C:\\wamp64\\www\\Craneburg_Plant_Pro_System\\vendor\\laravel\\framework\\src\\Illuminate\\Routing\\Pipeline.php(53): Illuminate\\Pipeline\\Pipeline->Illuminate\\Pipeline\\{closure}(Object(Illuminate\\Http\\Request))
#68 C:\\wamp64\\www\\Craneburg_Plant_Pro_System\\vendor\\laravel\\framework\\src\\Illuminate\\Foundation\\Http\\Middleware\\TransformsRequest.php(21): Illuminate\\Routing\\Pipeline->Illuminate\\Routing\\{closure}(Object(Illuminate\\Http\\Request))
#69 C:\\wamp64\\www\\Craneburg_Plant_Pro_System\\vendor\\laravel\\framework\\src\\Illuminate\\Pipeline\\Pipeline.php(163): Illuminate\\Foundation\\Http\\Middleware\\TransformsRequest->handle(Object(Illuminate\\Http\\Request), Object(Closure))
#70 C:\\wamp64\\www\\Craneburg_Plant_Pro_System\\vendor\\laravel\\framework\\src\\Illuminate\\Routing\\Pipeline.php(53): Illuminate\\Pipeline\\Pipeline->Illuminate\\Pipeline\\{closure}(Object(Illuminate\\Http\\Request))
#71 C:\\wamp64\\www\\Craneburg_Plant_Pro_System\\vendor\\laravel\\framework\\src\\Illuminate\\Foundation\\Http\\Middleware\\ValidatePostSize.php(27): Illuminate\\Routing\\Pipeline->Illuminate\\Routing\\{closure}(Object(Illuminate\\Http\\Request))
#72 C:\\wamp64\\www\\Craneburg_Plant_Pro_System\\vendor\\laravel\\framework\\src\\Illuminate\\Pipeline\\Pipeline.php(163): Illuminate\\Foundation\\Http\\Middleware\\ValidatePostSize->handle(Object(Illuminate\\Http\\Request), Object(Closure))
#73 C:\\wamp64\\www\\Craneburg_Plant_Pro_System\\vendor\\laravel\\framework\\src\\Illuminate\\Routing\\Pipeline.php(53): Illuminate\\Pipeline\\Pipeline->Illuminate\\Pipeline\\{closure}(Object(Illuminate\\Http\\Request))
#74 C:\\wamp64\\www\\Craneburg_Plant_Pro_System\\vendor\\laravel\\framework\\src\\Illuminate\\Foundation\\Http\\Middleware\\CheckForMaintenanceMode.php(62): Illuminate\\Routing\\Pipeline->Illuminate\\Routing\\{closure}(Object(Illuminate\\Http\\Request))
#75 C:\\wamp64\\www\\Craneburg_Plant_Pro_System\\vendor\\laravel\\framework\\src\\Illuminate\\Pipeline\\Pipeline.php(163): Illuminate\\Foundation\\Http\\Middleware\\CheckForMaintenanceMode->handle(Object(Illuminate\\Http\\Request), Object(Closure))
#76 C:\\wamp64\\www\\Craneburg_Plant_Pro_System\\vendor\\laravel\\framework\\src\\Illuminate\\Routing\\Pipeline.php(53): Illuminate\\Pipeline\\Pipeline->Illuminate\\Pipeline\\{closure}(Object(Illuminate\\Http\\Request))
#77 C:\\wamp64\\www\\Craneburg_Plant_Pro_System\\vendor\\laravel\\framework\\src\\Illuminate\\Pipeline\\Pipeline.php(104): Illuminate\\Routing\\Pipeline->Illuminate\\Routing\\{closure}(Object(Illuminate\\Http\\Request))
#78 C:\\wamp64\\www\\Craneburg_Plant_Pro_System\\vendor\\laravel\\framework\\src\\Illuminate\\Foundation\\Http\\Kernel.php(151): Illuminate\\Pipeline\\Pipeline->then(Object(Closure))
#79 C:\\wamp64\\www\\Craneburg_Plant_Pro_System\\vendor\\laravel\\framework\\src\\Illuminate\\Foundation\\Http\\Kernel.php(116): Illuminate\\Foundation\\Http\\Kernel->sendRequestThroughRouter(Object(Illuminate\\Http\\Request))
#80 C:\\wamp64\\www\\Craneburg_Plant_Pro_System\\public\\index.php(55): Illuminate\\Foundation\\Http\\Kernel->handle(Object(Illuminate\\Http\\Request))
#81 C:\\wamp64\\www\\Craneburg_Plant_Pro_System\\server.php(21): require_once('C:\\\\wamp64\\\\www\\\\C...')
#82 {main}
"} 
[2020-02-29 12:05:10] local.ERROR: SQLSTATE[23000]: Integrity constraint violation: 1048 Column 'fleet_no' cannot be null (SQL: insert into `EquipmentMasterList` (`fleet_no`, `parent_fleet_no`, `fleet-no_description`, `Registration_no`, `hourmeter_reading`, `attachment`, `type_code`, `type_description`, `make`, `model`, `machine_serial_no`, `machine_arr_n`, `engine_make`, `engine_model`, `engine_serial_no`, `engine_arr_n`, `power_rating_hp_kw`, `capacity`, `assesment`, `condition`, `region`, `project_code`, `project_description`, `users`, `ownership`, `year_purchase`, `mfg_year`, `comm_date`, `invoice`, `order_no`, `date_in`, `purchase_condition`, `landed_cost`, `market_value`, `location`, `updated_at`, `created_at`) values (?, ?, ?, ?, ?, ?, ?, ?, ?, ?, ?, ?, ?, ?, ?, ?, ?, ?, ?, ?, ?, ?, ?, ?, ?, ?, ?, 1970-01-01 00:00:00, ?, ?, 1970-01-01 00:00:00, ?, ?, ?, ?, 2020-02-29 12:05:10, 2020-02-29 12:05:10)) {"userId":1,"exception":"[object] (Illuminate\\Database\\QueryException(code: 23000): SQLSTATE[23000]: Integrity constraint violation: 1048 Column 'fleet_no' cannot be null (SQL: insert into `EquipmentMasterList` (`fleet_no`, `parent_fleet_no`, `fleet-no_description`, `Registration_no`, `hourmeter_reading`, `attachment`, `type_code`, `type_description`, `make`, `model`, `machine_serial_no`, `machine_arr_n`, `engine_make`, `engine_model`, `engine_serial_no`, `engine_arr_n`, `power_rating_hp_kw`, `capacity`, `assesment`, `condition`, `region`, `project_code`, `project_description`, `users`, `ownership`, `year_purchase`, `mfg_year`, `comm_date`, `invoice`, `order_no`, `date_in`, `purchase_condition`, `landed_cost`, `market_value`, `location`, `updated_at`, `created_at`) values (?, ?, ?, ?, ?, ?, ?, ?, ?, ?, ?, ?, ?, ?, ?, ?, ?, ?, ?, ?, ?, ?, ?, ?, ?, ?, ?, 1970-01-01 00:00:00, ?, ?, 1970-01-01 00:00:00, ?, ?, ?, ?, 2020-02-29 12:05:10, 2020-02-29 12:05:10)) at C:\\wamp64\\www\\Craneburg_Plant_Pro_System\\vendor\\laravel\\framework\\src\\Illuminate\\Database\\Connection.php:664, PDOException(code: 23000): SQLSTATE[23000]: Integrity constraint violation: 1048 Column 'fleet_no' cannot be null at C:\\wamp64\\www\\Craneburg_Plant_Pro_System\\vendor\\laravel\\framework\\src\\Illuminate\\Database\\Connection.php:458)
[stacktrace]
#0 C:\\wamp64\\www\\Craneburg_Plant_Pro_System\\vendor\\laravel\\framework\\src\\Illuminate\\Database\\Connection.php(624): Illuminate\\Database\\Connection->runQueryCallback('insert into `Eq...', Array, Object(Closure))
#1 C:\\wamp64\\www\\Craneburg_Plant_Pro_System\\vendor\\laravel\\framework\\src\\Illuminate\\Database\\Connection.php(459): Illuminate\\Database\\Connection->run('insert into `Eq...', Array, Object(Closure))
#2 C:\\wamp64\\www\\Craneburg_Plant_Pro_System\\vendor\\laravel\\framework\\src\\Illuminate\\Database\\Connection.php(411): Illuminate\\Database\\Connection->statement('insert into `Eq...', Array)
#3 C:\\wamp64\\www\\Craneburg_Plant_Pro_System\\vendor\\laravel\\framework\\src\\Illuminate\\Database\\Query\\Processors\\Processor.php(32): Illuminate\\Database\\Connection->insert('insert into `Eq...', Array)
#4 C:\\wamp64\\www\\Craneburg_Plant_Pro_System\\vendor\\laravel\\framework\\src\\Illuminate\\Database\\Query\\Builder.php(2690): Illuminate\\Database\\Query\\Processors\\Processor->processInsertGetId(Object(Illuminate\\Database\\Query\\Builder), 'insert into `Eq...', Array, 'id')
#5 C:\\wamp64\\www\\Craneburg_Plant_Pro_System\\vendor\\laravel\\framework\\src\\Illuminate\\Database\\Eloquent\\Builder.php(1353): Illuminate\\Database\\Query\\Builder->insertGetId(Array, 'id')
#6 C:\\wamp64\\www\\Craneburg_Plant_Pro_System\\vendor\\laravel\\framework\\src\\Illuminate\\Database\\Eloquent\\Model.php(839): Illuminate\\Database\\Eloquent\\Builder->__call('insertGetId', Array)
#7 C:\\wamp64\\www\\Craneburg_Plant_Pro_System\\vendor\\laravel\\framework\\src\\Illuminate\\Database\\Eloquent\\Model.php(804): Illuminate\\Database\\Eloquent\\Model->insertAndSetId(Object(Illuminate\\Database\\Eloquent\\Builder), Array)
#8 C:\\wamp64\\www\\Craneburg_Plant_Pro_System\\vendor\\laravel\\framework\\src\\Illuminate\\Database\\Eloquent\\Model.php(667): Illuminate\\Database\\Eloquent\\Model->performInsert(Object(Illuminate\\Database\\Eloquent\\Builder))
#9 C:\\wamp64\\www\\Craneburg_Plant_Pro_System\\vendor\\laravel\\framework\\src\\Illuminate\\Database\\Eloquent\\Model.php(696): Illuminate\\Database\\Eloquent\\Model->save(Array)
#10 C:\\wamp64\\www\\Craneburg_Plant_Pro_System\\vendor\\laravel\\framework\\src\\Illuminate\\Database\\Concerns\\ManagesTransactions.php(29): Illuminate\\Database\\Eloquent\\Model->Illuminate\\Database\\Eloquent\\{closure}(Object(Illuminate\\Database\\MySqlConnection))
#11 C:\\wamp64\\www\\Craneburg_Plant_Pro_System\\vendor\\laravel\\framework\\src\\Illuminate\\Database\\Eloquent\\Model.php(697): Illuminate\\Database\\Connection->transaction(Object(Closure))
#12 C:\\wamp64\\www\\Craneburg_Plant_Pro_System\\vendor\\maatwebsite\\excel\\src\\Imports\\ModelManager.php(118): Illuminate\\Database\\Eloquent\\Model->saveOrFail()
#13 C:\\wamp64\\www\\Craneburg_Plant_Pro_System\\vendor\\laravel\\framework\\src\\Illuminate\\Support\\Collection.php(475): Maatwebsite\\Excel\\Imports\\ModelManager->Maatwebsite\\Excel\\Imports\\{closure}(Object(App\\EquipmentMasterList), 0)
#14 C:\\wamp64\\www\\Craneburg_Plant_Pro_System\\vendor\\maatwebsite\\excel\\src\\Imports\\ModelManager.php(126): Illuminate\\Support\\Collection->each(Object(Closure))
#15 C:\\wamp64\\www\\Craneburg_Plant_Pro_System\\vendor\\laravel\\framework\\src\\Illuminate\\Support\\Collection.php(475): Maatwebsite\\Excel\\Imports\\ModelManager->Maatwebsite\\Excel\\Imports\\{closure}(Array, 818)
#16 C:\\wamp64\\www\\Craneburg_Plant_Pro_System\\vendor\\maatwebsite\\excel\\src\\Imports\\ModelManager.php(127): Illuminate\\Support\\Collection->each(Object(Closure))
#17 C:\\wamp64\\www\\Craneburg_Plant_Pro_System\\vendor\\maatwebsite\\excel\\src\\Imports\\ModelManager.php(59): Maatwebsite\\Excel\\Imports\\ModelManager->singleFlush(Object(App\\Imports\\EquipmentMasterListImport))
#18 C:\\wamp64\\www\\Craneburg_Plant_Pro_System\\vendor\\maatwebsite\\excel\\src\\Imports\\ModelImporter.php(57): Maatwebsite\\Excel\\Imports\\ModelManager->flush(Object(App\\Imports\\EquipmentMasterListImport), false)
#19 C:\\wamp64\\www\\Craneburg_Plant_Pro_System\\vendor\\maatwebsite\\excel\\src\\Sheet.php(237): Maatwebsite\\Excel\\Imports\\ModelImporter->import(Object(PhpOffice\\PhpSpreadsheet\\Worksheet\\Worksheet), Object(App\\Imports\\EquipmentMasterListImport), 4)
#20 C:\\wamp64\\www\\Craneburg_Plant_Pro_System\\vendor\\maatwebsite\\excel\\src\\Reader.php(111): Maatwebsite\\Excel\\Sheet->import(Object(App\\Imports\\EquipmentMasterListImport), 4)
#21 C:\\wamp64\\www\\Craneburg_Plant_Pro_System\\vendor\\laravel\\framework\\src\\Illuminate\\Database\\Concerns\\ManagesTransactions.php(29): Maatwebsite\\Excel\\Reader->Maatwebsite\\Excel\\{closure}(Object(Illuminate\\Database\\MySqlConnection))
#22 C:\\wamp64\\www\\Craneburg_Plant_Pro_System\\vendor\\maatwebsite\\excel\\src\\Transactions\\DbTransactionHandler.php(30): Illuminate\\Database\\Connection->transaction(Object(Closure))
#23 C:\\wamp64\\www\\Craneburg_Plant_Pro_System\\vendor\\maatwebsite\\excel\\src\\Reader.php(115): Maatwebsite\\Excel\\Transactions\\DbTransactionHandler->__invoke(Object(Closure))
#24 C:\\wamp64\\www\\Craneburg_Plant_Pro_System\\vendor\\maatwebsite\\excel\\src\\Excel.php(146): Maatwebsite\\Excel\\Reader->read(Object(App\\Imports\\EquipmentMasterListImport), Object(Illuminate\\Http\\UploadedFile), 'Xlsx', NULL)
#25 C:\\wamp64\\www\\Craneburg_Plant_Pro_System\\vendor\\laravel\\framework\\src\\Illuminate\\Support\\Facades\\Facade.php(239): Maatwebsite\\Excel\\Excel->import(Object(App\\Imports\\EquipmentMasterListImport), Object(Illuminate\\Http\\UploadedFile))
#26 C:\\wamp64\\www\\Craneburg_Plant_Pro_System\\app\\Http\\Controllers\\JobCardController.php(201): Illuminate\\Support\\Facades\\Facade::__callStatic('import', Array)
#27 [internal function]: App\\Http\\Controllers\\JobCardController->uploadEquipmentMasterList(Object(Illuminate\\Http\\Request))
#28 C:\\wamp64\\www\\Craneburg_Plant_Pro_System\\vendor\\laravel\\framework\\src\\Illuminate\\Routing\\Controller.php(54): call_user_func_array(Array, Array)
#29 C:\\wamp64\\www\\Craneburg_Plant_Pro_System\\vendor\\laravel\\framework\\src\\Illuminate\\Routing\\ControllerDispatcher.php(45): Illuminate\\Routing\\Controller->callAction('uploadEquipment...', Array)
#30 C:\\wamp64\\www\\Craneburg_Plant_Pro_System\\vendor\\laravel\\framework\\src\\Illuminate\\Routing\\Route.php(219): Illuminate\\Routing\\ControllerDispatcher->dispatch(Object(Illuminate\\Routing\\Route), Object(App\\Http\\Controllers\\JobCardController), 'uploadEquipment...')
#31 C:\\wamp64\\www\\Craneburg_Plant_Pro_System\\vendor\\laravel\\framework\\src\\Illuminate\\Routing\\Route.php(176): Illuminate\\Routing\\Route->runController()
#32 C:\\wamp64\\www\\Craneburg_Plant_Pro_System\\vendor\\laravel\\framework\\src\\Illuminate\\Routing\\Router.php(680): Illuminate\\Routing\\Route->run()
#33 C:\\wamp64\\www\\Craneburg_Plant_Pro_System\\vendor\\laravel\\framework\\src\\Illuminate\\Routing\\Pipeline.php(30): Illuminate\\Routing\\Router->Illuminate\\Routing\\{closure}(Object(Illuminate\\Http\\Request))
#34 C:\\wamp64\\www\\Craneburg_Plant_Pro_System\\vendor\\laravel\\framework\\src\\Illuminate\\Routing\\Middleware\\SubstituteBindings.php(41): Illuminate\\Routing\\Pipeline->Illuminate\\Routing\\{closure}(Object(Illuminate\\Http\\Request))
#35 C:\\wamp64\\www\\Craneburg_Plant_Pro_System\\vendor\\laravel\\framework\\src\\Illuminate\\Pipeline\\Pipeline.php(163): Illuminate\\Routing\\Middleware\\SubstituteBindings->handle(Object(Illuminate\\Http\\Request), Object(Closure))
#36 C:\\wamp64\\www\\Craneburg_Plant_Pro_System\\vendor\\laravel\\framework\\src\\Illuminate\\Routing\\Pipeline.php(53): Illuminate\\Pipeline\\Pipeline->Illuminate\\Pipeline\\{closure}(Object(Illuminate\\Http\\Request))
#37 C:\\wamp64\\www\\Craneburg_Plant_Pro_System\\vendor\\laravel\\framework\\src\\Illuminate\\Auth\\Middleware\\Authenticate.php(43): Illuminate\\Routing\\Pipeline->Illuminate\\Routing\\{closure}(Object(Illuminate\\Http\\Request))
#38 C:\\wamp64\\www\\Craneburg_Plant_Pro_System\\vendor\\laravel\\framework\\src\\Illuminate\\Pipeline\\Pipeline.php(163): Illuminate\\Auth\\Middleware\\Authenticate->handle(Object(Illuminate\\Http\\Request), Object(Closure))
#39 C:\\wamp64\\www\\Craneburg_Plant_Pro_System\\vendor\\laravel\\framework\\src\\Illuminate\\Routing\\Pipeline.php(53): Illuminate\\Pipeline\\Pipeline->Illuminate\\Pipeline\\{closure}(Object(Illuminate\\Http\\Request))
#40 C:\\wamp64\\www\\Craneburg_Plant_Pro_System\\vendor\\laravel\\framework\\src\\Illuminate\\Foundation\\Http\\Middleware\\VerifyCsrfToken.php(75): Illuminate\\Routing\\Pipeline->Illuminate\\Routing\\{closure}(Object(Illuminate\\Http\\Request))
#41 C:\\wamp64\\www\\Craneburg_Plant_Pro_System\\vendor\\laravel\\framework\\src\\Illuminate\\Pipeline\\Pipeline.php(163): Illuminate\\Foundation\\Http\\Middleware\\VerifyCsrfToken->handle(Object(Illuminate\\Http\\Request), Object(Closure))
#42 C:\\wamp64\\www\\Craneburg_Plant_Pro_System\\vendor\\laravel\\framework\\src\\Illuminate\\Routing\\Pipeline.php(53): Illuminate\\Pipeline\\Pipeline->Illuminate\\Pipeline\\{closure}(Object(Illuminate\\Http\\Request))
#43 C:\\wamp64\\www\\Craneburg_Plant_Pro_System\\vendor\\laravel\\framework\\src\\Illuminate\\View\\Middleware\\ShareErrorsFromSession.php(49): Illuminate\\Routing\\Pipeline->Illuminate\\Routing\\{closure}(Object(Illuminate\\Http\\Request))
#44 C:\\wamp64\\www\\Craneburg_Plant_Pro_System\\vendor\\laravel\\framework\\src\\Illuminate\\Pipeline\\Pipeline.php(163): Illuminate\\View\\Middleware\\ShareErrorsFromSession->handle(Object(Illuminate\\Http\\Request), Object(Closure))
#45 C:\\wamp64\\www\\Craneburg_Plant_Pro_System\\vendor\\laravel\\framework\\src\\Illuminate\\Routing\\Pipeline.php(53): Illuminate\\Pipeline\\Pipeline->Illuminate\\Pipeline\\{closure}(Object(Illuminate\\Http\\Request))
#46 C:\\wamp64\\www\\Craneburg_Plant_Pro_System\\vendor\\laravel\\framework\\src\\Illuminate\\Session\\Middleware\\StartSession.php(56): Illuminate\\Routing\\Pipeline->Illuminate\\Routing\\{closure}(Object(Illuminate\\Http\\Request))
#47 C:\\wamp64\\www\\Craneburg_Plant_Pro_System\\vendor\\laravel\\framework\\src\\Illuminate\\Pipeline\\Pipeline.php(163): Illuminate\\Session\\Middleware\\StartSession->handle(Object(Illuminate\\Http\\Request), Object(Closure))
#48 C:\\wamp64\\www\\Craneburg_Plant_Pro_System\\vendor\\laravel\\framework\\src\\Illuminate\\Routing\\Pipeline.php(53): Illuminate\\Pipeline\\Pipeline->Illuminate\\Pipeline\\{closure}(Object(Illuminate\\Http\\Request))
#49 C:\\wamp64\\www\\Craneburg_Plant_Pro_System\\vendor\\laravel\\framework\\src\\Illuminate\\Cookie\\Middleware\\AddQueuedCookiesToResponse.php(37): Illuminate\\Routing\\Pipeline->Illuminate\\Routing\\{closure}(Object(Illuminate\\Http\\Request))
#50 C:\\wamp64\\www\\Craneburg_Plant_Pro_System\\vendor\\laravel\\framework\\src\\Illuminate\\Pipeline\\Pipeline.php(163): Illuminate\\Cookie\\Middleware\\AddQueuedCookiesToResponse->handle(Object(Illuminate\\Http\\Request), Object(Closure))
#51 C:\\wamp64\\www\\Craneburg_Plant_Pro_System\\vendor\\laravel\\framework\\src\\Illuminate\\Routing\\Pipeline.php(53): Illuminate\\Pipeline\\Pipeline->Illuminate\\Pipeline\\{closure}(Object(Illuminate\\Http\\Request))
#52 C:\\wamp64\\www\\Craneburg_Plant_Pro_System\\vendor\\laravel\\framework\\src\\Illuminate\\Cookie\\Middleware\\EncryptCookies.php(66): Illuminate\\Routing\\Pipeline->Illuminate\\Routing\\{closure}(Object(Illuminate\\Http\\Request))
#53 C:\\wamp64\\www\\Craneburg_Plant_Pro_System\\vendor\\laravel\\framework\\src\\Illuminate\\Pipeline\\Pipeline.php(163): Illuminate\\Cookie\\Middleware\\EncryptCookies->handle(Object(Illuminate\\Http\\Request), Object(Closure))
#54 C:\\wamp64\\www\\Craneburg_Plant_Pro_System\\vendor\\laravel\\framework\\src\\Illuminate\\Routing\\Pipeline.php(53): Illuminate\\Pipeline\\Pipeline->Illuminate\\Pipeline\\{closure}(Object(Illuminate\\Http\\Request))
#55 C:\\wamp64\\www\\Craneburg_Plant_Pro_System\\vendor\\laravel\\framework\\src\\Illuminate\\Pipeline\\Pipeline.php(104): Illuminate\\Routing\\Pipeline->Illuminate\\Routing\\{closure}(Object(Illuminate\\Http\\Request))
#56 C:\\wamp64\\www\\Craneburg_Plant_Pro_System\\vendor\\laravel\\framework\\src\\Illuminate\\Routing\\Router.php(682): Illuminate\\Pipeline\\Pipeline->then(Object(Closure))
#57 C:\\wamp64\\www\\Craneburg_Plant_Pro_System\\vendor\\laravel\\framework\\src\\Illuminate\\Routing\\Router.php(657): Illuminate\\Routing\\Router->runRouteWithinStack(Object(Illuminate\\Routing\\Route), Object(Illuminate\\Http\\Request))
#58 C:\\wamp64\\www\\Craneburg_Plant_Pro_System\\vendor\\laravel\\framework\\src\\Illuminate\\Routing\\Router.php(623): Illuminate\\Routing\\Router->runRoute(Object(Illuminate\\Http\\Request), Object(Illuminate\\Routing\\Route))
#59 C:\\wamp64\\www\\Craneburg_Plant_Pro_System\\vendor\\laravel\\framework\\src\\Illuminate\\Routing\\Router.php(612): Illuminate\\Routing\\Router->dispatchToRoute(Object(Illuminate\\Http\\Request))
#60 C:\\wamp64\\www\\Craneburg_Plant_Pro_System\\vendor\\laravel\\framework\\src\\Illuminate\\Foundation\\Http\\Kernel.php(176): Illuminate\\Routing\\Router->dispatch(Object(Illuminate\\Http\\Request))
#61 C:\\wamp64\\www\\Craneburg_Plant_Pro_System\\vendor\\laravel\\framework\\src\\Illuminate\\Routing\\Pipeline.php(30): Illuminate\\Foundation\\Http\\Kernel->Illuminate\\Foundation\\Http\\{closure}(Object(Illuminate\\Http\\Request))
#62 C:\\wamp64\\www\\Craneburg_Plant_Pro_System\\vendor\\fideloper\\proxy\\src\\TrustProxies.php(57): Illuminate\\Routing\\Pipeline->Illuminate\\Routing\\{closure}(Object(Illuminate\\Http\\Request))
#63 C:\\wamp64\\www\\Craneburg_Plant_Pro_System\\vendor\\laravel\\framework\\src\\Illuminate\\Pipeline\\Pipeline.php(163): Fideloper\\Proxy\\TrustProxies->handle(Object(Illuminate\\Http\\Request), Object(Closure))
#64 C:\\wamp64\\www\\Craneburg_Plant_Pro_System\\vendor\\laravel\\framework\\src\\Illuminate\\Routing\\Pipeline.php(53): Illuminate\\Pipeline\\Pipeline->Illuminate\\Pipeline\\{closure}(Object(Illuminate\\Http\\Request))
#65 C:\\wamp64\\www\\Craneburg_Plant_Pro_System\\vendor\\laravel\\framework\\src\\Illuminate\\Foundation\\Http\\Middleware\\TransformsRequest.php(21): Illuminate\\Routing\\Pipeline->Illuminate\\Routing\\{closure}(Object(Illuminate\\Http\\Request))
#66 C:\\wamp64\\www\\Craneburg_Plant_Pro_System\\vendor\\laravel\\framework\\src\\Illuminate\\Pipeline\\Pipeline.php(163): Illuminate\\Foundation\\Http\\Middleware\\TransformsRequest->handle(Object(Illuminate\\Http\\Request), Object(Closure))
#67 C:\\wamp64\\www\\Craneburg_Plant_Pro_System\\vendor\\laravel\\framework\\src\\Illuminate\\Routing\\Pipeline.php(53): Illuminate\\Pipeline\\Pipeline->Illuminate\\Pipeline\\{closure}(Object(Illuminate\\Http\\Request))
#68 C:\\wamp64\\www\\Craneburg_Plant_Pro_System\\vendor\\laravel\\framework\\src\\Illuminate\\Foundation\\Http\\Middleware\\TransformsRequest.php(21): Illuminate\\Routing\\Pipeline->Illuminate\\Routing\\{closure}(Object(Illuminate\\Http\\Request))
#69 C:\\wamp64\\www\\Craneburg_Plant_Pro_System\\vendor\\laravel\\framework\\src\\Illuminate\\Pipeline\\Pipeline.php(163): Illuminate\\Foundation\\Http\\Middleware\\TransformsRequest->handle(Object(Illuminate\\Http\\Request), Object(Closure))
#70 C:\\wamp64\\www\\Craneburg_Plant_Pro_System\\vendor\\laravel\\framework\\src\\Illuminate\\Routing\\Pipeline.php(53): Illuminate\\Pipeline\\Pipeline->Illuminate\\Pipeline\\{closure}(Object(Illuminate\\Http\\Request))
#71 C:\\wamp64\\www\\Craneburg_Plant_Pro_System\\vendor\\laravel\\framework\\src\\Illuminate\\Foundation\\Http\\Middleware\\ValidatePostSize.php(27): Illuminate\\Routing\\Pipeline->Illuminate\\Routing\\{closure}(Object(Illuminate\\Http\\Request))
#72 C:\\wamp64\\www\\Craneburg_Plant_Pro_System\\vendor\\laravel\\framework\\src\\Illuminate\\Pipeline\\Pipeline.php(163): Illuminate\\Foundation\\Http\\Middleware\\ValidatePostSize->handle(Object(Illuminate\\Http\\Request), Object(Closure))
#73 C:\\wamp64\\www\\Craneburg_Plant_Pro_System\\vendor\\laravel\\framework\\src\\Illuminate\\Routing\\Pipeline.php(53): Illuminate\\Pipeline\\Pipeline->Illuminate\\Pipeline\\{closure}(Object(Illuminate\\Http\\Request))
#74 C:\\wamp64\\www\\Craneburg_Plant_Pro_System\\vendor\\laravel\\framework\\src\\Illuminate\\Foundation\\Http\\Middleware\\CheckForMaintenanceMode.php(62): Illuminate\\Routing\\Pipeline->Illuminate\\Routing\\{closure}(Object(Illuminate\\Http\\Request))
#75 C:\\wamp64\\www\\Craneburg_Plant_Pro_System\\vendor\\laravel\\framework\\src\\Illuminate\\Pipeline\\Pipeline.php(163): Illuminate\\Foundation\\Http\\Middleware\\CheckForMaintenanceMode->handle(Object(Illuminate\\Http\\Request), Object(Closure))
#76 C:\\wamp64\\www\\Craneburg_Plant_Pro_System\\vendor\\laravel\\framework\\src\\Illuminate\\Routing\\Pipeline.php(53): Illuminate\\Pipeline\\Pipeline->Illuminate\\Pipeline\\{closure}(Object(Illuminate\\Http\\Request))
#77 C:\\wamp64\\www\\Craneburg_Plant_Pro_System\\vendor\\laravel\\framework\\src\\Illuminate\\Pipeline\\Pipeline.php(104): Illuminate\\Routing\\Pipeline->Illuminate\\Routing\\{closure}(Object(Illuminate\\Http\\Request))
#78 C:\\wamp64\\www\\Craneburg_Plant_Pro_System\\vendor\\laravel\\framework\\src\\Illuminate\\Foundation\\Http\\Kernel.php(151): Illuminate\\Pipeline\\Pipeline->then(Object(Closure))
#79 C:\\wamp64\\www\\Craneburg_Plant_Pro_System\\vendor\\laravel\\framework\\src\\Illuminate\\Foundation\\Http\\Kernel.php(116): Illuminate\\Foundation\\Http\\Kernel->sendRequestThroughRouter(Object(Illuminate\\Http\\Request))
#80 C:\\wamp64\\www\\Craneburg_Plant_Pro_System\\public\\index.php(55): Illuminate\\Foundation\\Http\\Kernel->handle(Object(Illuminate\\Http\\Request))
#81 C:\\wamp64\\www\\Craneburg_Plant_Pro_System\\server.php(21): require_once('C:\\\\wamp64\\\\www\\\\C...')
#82 {main}
"} 
